Using pre-set license
Built from '2020.3/release' branch; Version is '2020.3.27f1 (e759542391ea) revision 15161684'; Using compiler version '192528614'; Build Type 'Release'
OS: 'Windows 10  (10.0.19042) 64bit Core' Language: 'es' Physical Memory: 16225 MB
BatchMode: 1, IsHumanControllingUs: 0, StartBugReporterOnCrash: 0, Is64bit: 1, IsPro: 0

COMMAND LINE ARGUMENTS:
C:\Users\alexg\Documents\UNIVERSIDAD UNITY\2020.3.27f1\Editor\Unity.exe
-adb2
-batchMode
-noUpm
-name
AssetImportWorker0
-projectPath
C:/Users/alexg/Documents/Repositorios Locales/PROYECTO ROQUE PRUEBA/Prueba Movimiento 2D
-logFile
Logs/AssetImportWorker0.log
-srvPort
65461
Successfully changed project path to: C:/Users/alexg/Documents/Repositorios Locales/PROYECTO ROQUE PRUEBA/Prueba Movimiento 2D
C:/Users/alexg/Documents/Repositorios Locales/PROYECTO ROQUE PRUEBA/Prueba Movimiento 2D
Using Asset Import Pipeline V2.
Refreshing native plugins compatible for Editor in 100.22 ms, found 2 plugins.
Preloading 0 native plugins for Editor in 0.00 ms.
Initialize engine version: 2020.3.27f1 (e759542391ea)
[Subsystems] Discovering subsystems at path C:/Users/alexg/Documents/UNIVERSIDAD UNITY/2020.3.27f1/Editor/Data/Resources/UnitySubsystems
[Subsystems] Discovering subsystems at path C:/Users/alexg/Documents/Repositorios Locales/PROYECTO ROQUE PRUEBA/Prueba Movimiento 2D/Assets
GfxDevice: creating device client; threaded=0
Direct3D:
    Version:  Direct3D 11.0 [level 11.1]
    Renderer: NVIDIA GeForce GTX 1050 (ID=0x1c91)
    Vendor:   
    VRAM:     2996 MB
    Driver:   30.0.15.1179
Initialize mono
Mono path[0] = 'C:/Users/alexg/Documents/UNIVERSIDAD UNITY/2020.3.27f1/Editor/Data/Managed'
Mono path[1] = 'C:/Users/alexg/Documents/UNIVERSIDAD UNITY/2020.3.27f1/Editor/Data/MonoBleedingEdge/lib/mono/unityjit'
Mono config path = 'C:/Users/alexg/Documents/UNIVERSIDAD UNITY/2020.3.27f1/Editor/Data/MonoBleedingEdge/etc'
Using monoOptions --debugger-agent=transport=dt_socket,embedding=1,server=y,suspend=n,address=127.0.0.1:56584
Begin MonoManager ReloadAssembly
Registering precompiled unity dll's ...
Register platform support module: C:/Users/alexg/Documents/UNIVERSIDAD UNITY/2020.3.27f1/Editor/Data/PlaybackEngines/WindowsStandaloneSupport/UnityEditor.WindowsStandalone.Extensions.dll
Registered in 0.009947 seconds.
Native extension for WindowsStandalone target not found
Refreshing native plugins compatible for Editor in 132.56 ms, found 2 plugins.
Preloading 0 native plugins for Editor in 0.00 ms.
Mono: successfully reloaded assembly
- Completed reload, in  2.114 seconds
Domain Reload Profiling:
	ReloadAssembly (2116ms)
		BeginReloadAssembly (182ms)
			ExecutionOrderSort (0ms)
			DisableScriptedObjects (0ms)
			BackupInstance (0ms)
			ReleaseScriptingObjects (0ms)
			CreateAndSetChildDomain (1ms)
		EndReloadAssembly (1649ms)
			LoadAssemblies (181ms)
			RebuildTransferFunctionScriptingTraits (0ms)
			SetupTypeCache (534ms)
			ReleaseScriptCaches (0ms)
			RebuildScriptCaches (110ms)
			SetupLoadedEditorAssemblies (691ms)
				LogAssemblyErrors (0ms)
				InitializePlatformSupportModulesInManaged (15ms)
				SetLoadedEditorAssemblies (1ms)
				RefreshPlugins (133ms)
				BeforeProcessingInitializeOnLoad (59ms)
				ProcessInitializeOnLoadAttributes (317ms)
				ProcessInitializeOnLoadMethodAttributes (165ms)
				AfterProcessingInitializeOnLoad (0ms)
				EditorAssembliesLoaded (1ms)
			ExecutionOrderSort2 (0ms)
			AwakeInstancesAfterBackupRestoration (0ms)
Platform modules already initialized, skipping
Registering precompiled user dll's ...
Registered in 0.033804 seconds.
Begin MonoManager ReloadAssembly
Native extension for WindowsStandalone target not found
Refreshing native plugins compatible for Editor in 0.68 ms, found 2 plugins.
Preloading 0 native plugins for Editor in 0.00 ms.
Mono: successfully reloaded assembly
- Completed reload, in  2.767 seconds
Domain Reload Profiling:
	ReloadAssembly (2769ms)
		BeginReloadAssembly (459ms)
			ExecutionOrderSort (0ms)
			DisableScriptedObjects (11ms)
			BackupInstance (0ms)
			ReleaseScriptingObjects (0ms)
			CreateAndSetChildDomain (47ms)
		EndReloadAssembly (2151ms)
			LoadAssemblies (316ms)
			RebuildTransferFunctionScriptingTraits (0ms)
			SetupTypeCache (741ms)
			ReleaseScriptCaches (1ms)
			RebuildScriptCaches (97ms)
			SetupLoadedEditorAssemblies (831ms)
				LogAssemblyErrors (0ms)
				InitializePlatformSupportModulesInManaged (11ms)
				SetLoadedEditorAssemblies (1ms)
				RefreshPlugins (1ms)
				BeforeProcessingInitializeOnLoad (187ms)
				ProcessInitializeOnLoadAttributes (580ms)
				ProcessInitializeOnLoadMethodAttributes (22ms)
				AfterProcessingInitializeOnLoad (28ms)
				EditorAssembliesLoaded (1ms)
			ExecutionOrderSort2 (0ms)
			AwakeInstancesAfterBackupRestoration (25ms)
Platform modules already initialized, skipping
========================================================================
Worker process is ready to serve import requests
Launched and connected shader compiler UnityShaderCompiler.exe after 0.18 seconds
Refreshing native plugins compatible for Editor in 0.81 ms, found 2 plugins.
Preloading 0 native plugins for Editor in 0.00 ms.
Unloading 1605 Unused Serialized files (Serialized files now loaded: 0)
System memory in use before: 71.9 MB.
System memory in use after: 72.0 MB.

Unloading 19 unused Assets to reduce memory usage. Loaded Objects now: 2037.
Total: 6.353300 ms (FindLiveObjects: 0.250900 ms CreateObjectMapping: 0.119400 ms MarkObjects: 5.851900 ms  DeleteObjects: 0.128900 ms)

AssetImportParameters requested are different than current active one (requested -> active):
  custom:framework-win-MediaFoundation: 216162199b28c13a410421893ffa2e32 -> 
  custom:video-decoder-ogg-theora: a1e56fd34408186e4bbccfd4996cb3dc -> 
  custom:container-muxer-webm: aa71ff27fc2769a1b78a27578f13a17b -> 
  custom:container-demuxer-webm: 4f35f7cbe854078d1ac9338744f61a02 -> 
  custom:container-demuxer-ogg: 62fdf1f143b41e24485cea50d1cbac27 -> 
  custom:video-encoder-webm-vp8: eb34c28f22e8b96e1ab97ce403110664 -> 
  custom:video-codec-MediaFoundation-h265: 746d11721c4dcdbdad8f713fa42b33f4 -> 
  custom:video-decoder-webm-vp8: 9c59270c3fd7afecdb556c50c9e8de78 -> 
  custom:audio-decoder-ogg-vorbis: bf7c407c2cedff20999df2af8eb42d56 -> 
  custom:audio-encoder-webm-vorbis: bf7c407c2cedff20999df2af8eb42d56 -> 
========================================================================
Received Import Request.
  path: Assets/CharacterEditorPackage/Prefabs/CharacterControllers/HeroCubeCharacter.prefab
  artifactKey: Guid(32e471deaa16faf4f893a65df3633237) Importer(815301076,1909f56bfc062723c751e8b465ee728b)
Start importing Assets/CharacterEditorPackage/Prefabs/CharacterControllers/HeroCubeCharacter.prefab using Guid(32e471deaa16faf4f893a65df3633237) Importer(815301076,1909f56bfc062723c751e8b465ee728b)  -> (artifact id: '8e14905a7867872676fe23c5d25b7013') in 0.900745 seconds 
  Import took 0.907446 seconds .

========================================================================
Received Import Request.
  Time since last request: 0.000513 seconds.
  path: Assets/CharacterEditorPackage/Prefabs/CharacterControllers/ClassicCharacter.prefab
  artifactKey: Guid(006d181c7f39aa7469a46c0b4f98d4d7) Importer(815301076,1909f56bfc062723c751e8b465ee728b)
Start importing Assets/CharacterEditorPackage/Prefabs/CharacterControllers/ClassicCharacter.prefab using Guid(006d181c7f39aa7469a46c0b4f98d4d7) Importer(815301076,1909f56bfc062723c751e8b465ee728b)  -> (artifact id: 'be77168dfdbcac380e5b43fe434e4dcd') in 0.056502 seconds 
  Import took 0.060847 seconds .

========================================================================
Received Import Request.
  Time since last request: 0.000334 seconds.
  path: Assets/CharacterEditorPackage/Prefabs/CharacterControllers/DefaultCharacter.prefab
  artifactKey: Guid(f6ad21bb9b40ea348abcb11e8f401c0c) Importer(815301076,1909f56bfc062723c751e8b465ee728b)
Start importing Assets/CharacterEditorPackage/Prefabs/CharacterControllers/DefaultCharacter.prefab using Guid(f6ad21bb9b40ea348abcb11e8f401c0c) Importer(815301076,1909f56bfc062723c751e8b465ee728b)  -> (artifact id: 'f021c4fcce9ccbc68ad1e89e2643b78c') in 0.155944 seconds 
  Import took 0.163541 seconds .

========================================================================
Received Import Request.
  Time since last request: 222.396971 seconds.
  path: Assets/CharacterEditorPackage/Prefabs/CharacterControllers/ClassicCharacter.prefab
  artifactKey: Guid(006d181c7f39aa7469a46c0b4f98d4d7) Importer(815301076,1909f56bfc062723c751e8b465ee728b)
Start importing Assets/CharacterEditorPackage/Prefabs/CharacterControllers/ClassicCharacter.prefab using Guid(006d181c7f39aa7469a46c0b4f98d4d7) Importer(815301076,1909f56bfc062723c751e8b465ee728b)  -> (artifact id: 'adb6a81529b2e2174da1192d30b3b860') in 0.044713 seconds 
  Import took 0.051154 seconds .

========================================================================
Received Import Request.
  Time since last request: 3290.156371 seconds.
  path: Assets/Materials/Material Seccion Intermedia.mat
  artifactKey: Guid(aa64017e4ab5f5648932c5149a0b253b) Importer(815301076,1909f56bfc062723c751e8b465ee728b)
Start importing Assets/Materials/Material Seccion Intermedia.mat using Guid(aa64017e4ab5f5648932c5149a0b253b) Importer(815301076,1909f56bfc062723c751e8b465ee728b)  -> (artifact id: 'd34bf0c782f801c287d4065a21c2a2f2') in 0.119081 seconds 
  Import took 0.126336 seconds .

========================================================================
Received Import Request.
  Time since last request: 0.000548 seconds.
  path: Assets/Materials/Material Torre.mat
  artifactKey: Guid(140f6daac0214f44d8c0239d6daf2bdc) Importer(815301076,1909f56bfc062723c751e8b465ee728b)
Start importing Assets/Materials/Material Torre.mat using Guid(140f6daac0214f44d8c0239d6daf2bdc) Importer(815301076,1909f56bfc062723c751e8b465ee728b)  -> (artifact id: '62cd3963032b8d8416428b065a56a1c6') in 0.034779 seconds 
  Import took 0.042550 seconds .

AssetImportWorkerClient::OnTransportError - code=2 error=End of file
